#! /usr/bin/vvp
:ivl_version "11.0 (stable)";
:ivl_delay_selection "TYPICAL";
:vpi_time_precision + 0;
:vpi_module "/usr/lib/x86_64-linux-gnu/ivl/system.vpi";
:vpi_module "/usr/lib/x86_64-linux-gnu/ivl/vhdl_sys.vpi";
:vpi_module "/usr/lib/x86_64-linux-gnu/ivl/vhdl_textio.vpi";
:vpi_module "/usr/lib/x86_64-linux-gnu/ivl/v2005_math.vpi";
:vpi_module "/usr/lib/x86_64-linux-gnu/ivl/va_math.vpi";
S_0x557d3342dd90 .scope module, "imem" "imem" 2 3;
 .timescale 0 0;
    .port_info 0 /INPUT 1 "clk";
    .port_info 1 /INPUT 32 "addr";
    .port_info 2 /OUTPUT 32 "ins";
o0x7f4572733018 .functor BUFZ 32, C4<zzzzzzzzzzzzzzzzzzzzzzzzzzzzzzzz>; HiZ drive
v0x557d3342f7b0_0 .net "addr", 31 0, o0x7f4572733018;  0 drivers
o0x7f4572733048 .functor BUFZ 1, C4<z>; HiZ drive
v0x557d3342fba0_0 .net "clk", 0 0, o0x7f4572733048;  0 drivers
v0x557d33475070_0 .var "ins", 31 0;
v0x557d33475130 .array "inst", 0 99, 31 0;
E_0x557d33466b60 .event posedge, v0x557d3342fba0_0;
    .scope S_0x557d3342dd90;
T_0 ;
    %wait E_0x557d33466b60;
    %load/vec4 v0x557d3342f7b0_0;
    %parti/s 5, 2, 3;
    %pad/u 8;
    %ix/vec4 4;
    %load/vec4a v0x557d33475130, 4;
    %store/vec4 v0x557d33475070_0, 0, 32;
    %jmp T_0;
    .thread T_0;
# The file index is used to find the file name in the following table.
:file_names 3;
    "N/A";
    "<interactive>";
    "imem.v";
